<?xml version="1.0" encoding="UTF-8"?>
<robot generator="Robot 7.2.2 (Python 3.13.2 on win32)" generated="2025-05-05T20:54:04.452501" rpa="false" schemaversion="5">
<suite id="s1" name="Example" source="C:\Users\vitas\OneDrive\Desktop\selenium\kt11\example.robot">
<test id="s1-t1" name="Login with Valid Credentials" line="10">
<kw name="Open Browser" owner="SeleniumLibrary">
<msg time="2025-05-05T20:54:04.738577" level="INFO">Opening browser 'firefox' to base url 'https://www.saucedemo.com/'.</msg>
<msg time="2025-05-05T20:54:05.538918" level="WARN">The geckodriver version (0.34.0) detected in PATH at B:\geck\geckodriver.exe might not be compatible with the detected firefox version (138.0.1.127); currently, geckodriver 0.36.0 is recommended for firefox 138.*, so it is advised to delete the driver in PATH and retry</msg>
<arg>${URL}</arg>
<arg>firefox</arg>
<doc>Opens a new browser instance to the optional ``url``.</doc>
<status status="PASS" start="2025-05-05T20:54:04.738316" elapsed="11.101052"/>
</kw>
<kw name="Input Text" owner="SeleniumLibrary">
<msg time="2025-05-05T20:54:15.840207" level="INFO">Typing text 'standard_user' into text field 'id:user-name'.</msg>
<arg>id:user-name</arg>
<arg>${USERNAME}</arg>
<doc>Types the given ``text`` into the text field identified by ``locator``.</doc>
<status status="PASS" start="2025-05-05T20:54:15.839745" elapsed="0.107866"/>
</kw>
<kw name="Input Text" owner="SeleniumLibrary">
<msg time="2025-05-05T20:54:15.948850" level="INFO">Typing text 'secret_sauce' into text field 'id:password'.</msg>
<arg>id:password</arg>
<arg>${PASSWORD}</arg>
<doc>Types the given ``text`` into the text field identified by ``locator``.</doc>
<status status="PASS" start="2025-05-05T20:54:15.948360" elapsed="0.036556"/>
</kw>
<kw name="Click Element" owner="SeleniumLibrary">
<msg time="2025-05-05T20:54:15.985663" level="INFO">Clicking element 'id:login-button'.</msg>
<arg>id:login-button</arg>
<doc>Click the element identified by ``locator``.</doc>
<status status="PASS" start="2025-05-05T20:54:15.985375" elapsed="0.258104"/>
</kw>
<kw name="Title Should Be" owner="SeleniumLibrary">
<msg time="2025-05-05T20:54:16.245230" level="INFO">Page title is 'Swag Labs'.</msg>
<arg>Swag Labs</arg>
<doc>Verifies that the current page title equals ``title``.</doc>
<status status="PASS" start="2025-05-05T20:54:16.243802" elapsed="0.001493"/>
</kw>
<kw name="Close Browser" owner="SeleniumLibrary">
<doc>Closes the current browser.</doc>
<status status="PASS" start="2025-05-05T20:54:16.245546" elapsed="2.683351"/>
</kw>
<status status="PASS" start="2025-05-05T20:54:04.737360" elapsed="14.191917"/>
</test>
<test id="s1-t2" name="Login with Invalid Credentials" line="18">
<kw name="Open Browser" owner="SeleniumLibrary">
<msg time="2025-05-05T20:54:18.930832" level="INFO">Opening browser 'firefox' to base url 'https://www.saucedemo.com/'.</msg>
<msg time="2025-05-05T20:54:19.088032" level="WARN">The geckodriver version (0.34.0) detected in PATH at B:\geck\geckodriver.exe might not be compatible with the detected firefox version (138.0.1.127); currently, geckodriver 0.36.0 is recommended for firefox 138.*, so it is advised to delete the driver in PATH and retry</msg>
<arg>${URL}</arg>
<arg>firefox</arg>
<doc>Opens a new browser instance to the optional ``url``.</doc>
<status status="PASS" start="2025-05-05T20:54:18.930607" elapsed="10.290879"/>
</kw>
<kw name="Input Text" owner="SeleniumLibrary">
<msg time="2025-05-05T20:54:29.222284" level="INFO">Typing text 'locked_out_user' into text field 'id:user-name'.</msg>
<arg>id:user-name</arg>
<arg>locked_out_user</arg>
<doc>Types the given ``text`` into the text field identified by ``locator``.</doc>
<status status="PASS" start="2025-05-05T20:54:29.221977" elapsed="0.075136"/>
</kw>
<kw name="Input Text" owner="SeleniumLibrary">
<msg time="2025-05-05T20:54:29.297567" level="INFO">Typing text 'secret_sauce' into text field 'id:password'.</msg>
<arg>id:password</arg>
<arg>secret_sauce</arg>
<doc>Types the given ``text`` into the text field identified by ``locator``.</doc>
<status status="PASS" start="2025-05-05T20:54:29.297398" elapsed="0.016791"/>
</kw>
<kw name="Click Element" owner="SeleniumLibrary">
<msg time="2025-05-05T20:54:29.314651" level="INFO">Clicking element 'id:login-button'.</msg>
<arg>id:login-button</arg>
<doc>Click the element identified by ``locator``.</doc>
<status status="PASS" start="2025-05-05T20:54:29.314482" elapsed="0.228169"/>
</kw>
<kw name="Set Variable" owner="BuiltIn">
<msg time="2025-05-05T20:54:29.543147" level="INFO">${error_message_locator} = xpath=//h3[text()='Epic sadface: Username and password do not match any user in this demo account']</msg>
<var>${error_message_locator}</var>
<arg>xpath=//h3[text()='Epic sadface: Username and password do not match any user in this demo account']</arg>
<doc>Returns the given values which can then be assigned to a variables.</doc>
<status status="PASS" start="2025-05-05T20:54:29.542965" elapsed="0.000211"/>
</kw>
<kw name="Wait Until Element Is Visible" owner="SeleniumLibrary">
<msg time="2025-05-05T20:54:39.751316" level="INFO" html="true">&lt;/td&gt;&lt;/tr&gt;&lt;tr&gt;&lt;td colspan="3"&gt;&lt;a href="selenium-screenshot-1.png"&gt;&lt;img src="selenium-screenshot-1.png" width="800px"&gt;&lt;/a&gt;</msg>
<msg time="2025-05-05T20:54:39.751497" level="FAIL">Element 'xpath=//h3[text()='Epic sadface: Username and password do not match any user in this demo account']' not visible after 10 seconds.</msg>
<arg>${error_message_locator}</arg>
<arg>timeout=10</arg>
<doc>Waits until the element ``locator`` is visible.</doc>
<status status="FAIL" start="2025-05-05T20:54:29.543414" elapsed="10.210191">Element 'xpath=//h3[text()='Epic sadface: Username and password do not match any user in this demo account']' not visible after 10 seconds.</status>
</kw>
<kw name="Element Should Be Visible" owner="SeleniumLibrary">
<arg>${error_message_locator}</arg>
<doc>Verifies that the element identified by ``locator`` is visible.</doc>
<status status="NOT RUN" start="2025-05-05T20:54:39.754068" elapsed="0.000056"/>
</kw>
<kw name="Close Browser" owner="SeleniumLibrary">
<doc>Closes the current browser.</doc>
<status status="NOT RUN" start="2025-05-05T20:54:39.754345" elapsed="0.000030"/>
</kw>
<status status="FAIL" start="2025-05-05T20:54:18.930153" elapsed="20.824493">Element 'xpath=//h3[text()='Epic sadface: Username and password do not match any user in this demo account']' not visible after 10 seconds.</status>
</test>
<test id="s1-t3" name="Add Item to Cart" line="28">
<kw name="Open Browser" owner="SeleniumLibrary">
<msg time="2025-05-05T20:54:39.756125" level="INFO">Opening browser 'firefox' to base url 'https://www.saucedemo.com/'.</msg>
<msg time="2025-05-05T20:54:39.911276" level="WARN">The geckodriver version (0.34.0) detected in PATH at B:\geck\geckodriver.exe might not be compatible with the detected firefox version (138.0.1.127); currently, geckodriver 0.36.0 is recommended for firefox 138.*, so it is advised to delete the driver in PATH and retry</msg>
<arg>${URL}</arg>
<arg>firefox</arg>
<doc>Opens a new browser instance to the optional ``url``.</doc>
<status status="PASS" start="2025-05-05T20:54:39.755869" elapsed="10.257397"/>
</kw>
<kw name="Input Text" owner="SeleniumLibrary">
<msg time="2025-05-05T20:54:50.013809" level="INFO">Typing text 'standard_user' into text field 'id:user-name'.</msg>
<arg>id:user-name</arg>
<arg>${USERNAME}</arg>
<doc>Types the given ``text`` into the text field identified by ``locator``.</doc>
<status status="PASS" start="2025-05-05T20:54:50.013589" elapsed="0.067035"/>
</kw>
<kw name="Input Text" owner="SeleniumLibrary">
<msg time="2025-05-05T20:54:50.081198" level="INFO">Typing text 'secret_sauce' into text field 'id:password'.</msg>
<arg>id:password</arg>
<arg>${PASSWORD}</arg>
<doc>Types the given ``text`` into the text field identified by ``locator``.</doc>
<status status="PASS" start="2025-05-05T20:54:50.080966" elapsed="0.017448"/>
</kw>
<kw name="Click Element" owner="SeleniumLibrary">
<msg time="2025-05-05T20:54:50.099127" level="INFO">Clicking element 'id:login-button'.</msg>
<arg>id:login-button</arg>
<doc>Click the element identified by ``locator``.</doc>
<status status="PASS" start="2025-05-05T20:54:50.098747" elapsed="0.245764"/>
</kw>
<kw name="Click Button" owner="SeleniumLibrary">
<msg time="2025-05-05T20:54:50.345009" level="INFO">Clicking button 'id:add-to-cart-sauce-labs-backpack'.</msg>
<arg>id:add-to-cart-sauce-labs-backpack</arg>
<doc>Clicks the button identified by ``locator``.</doc>
<status status="PASS" start="2025-05-05T20:54:50.344833" elapsed="0.215047"/>
</kw>
<kw name="Element Should Be Visible" owner="SeleniumLibrary">
<msg time="2025-05-05T20:54:50.582087" level="INFO">Element 'xpath=//span[@class='shopping_cart_badge' and text()='1']' is displayed.</msg>
<arg>xpath=//span[@class='shopping_cart_badge' and text()='1']</arg>
<doc>Verifies that the element identified by ``locator`` is visible.</doc>
<status status="PASS" start="2025-05-05T20:54:50.560613" elapsed="0.021623"/>
</kw>
<kw name="Close Browser" owner="SeleniumLibrary">
<doc>Closes the current browser.</doc>
<status status="PASS" start="2025-05-05T20:54:50.582745" elapsed="2.671751"/>
</kw>
<status status="PASS" start="2025-05-05T20:54:39.755524" elapsed="13.499293"/>
</test>
<test id="s1-t4" name="Remove Item from Cart" line="37">
<kw name="Open Browser" owner="SeleniumLibrary">
<msg time="2025-05-05T20:54:53.256116" level="INFO">Opening browser 'firefox' to base url 'https://www.saucedemo.com/'.</msg>
<msg time="2025-05-05T20:54:53.409889" level="WARN">The geckodriver version (0.34.0) detected in PATH at B:\geck\geckodriver.exe might not be compatible with the detected firefox version (138.0.1.127); currently, geckodriver 0.36.0 is recommended for firefox 138.*, so it is advised to delete the driver in PATH and retry</msg>
<arg>${URL}</arg>
<arg>firefox</arg>
<doc>Opens a new browser instance to the optional ``url``.</doc>
<status status="PASS" start="2025-05-05T20:54:53.255933" elapsed="10.422890"/>
</kw>
<kw name="Input Text" owner="SeleniumLibrary">
<msg time="2025-05-05T20:55:03.680129" level="INFO">Typing text 'standard_user' into text field 'id:user-name'.</msg>
<arg>id:user-name</arg>
<arg>${USERNAME}</arg>
<doc>Types the given ``text`` into the text field identified by ``locator``.</doc>
<status status="PASS" start="2025-05-05T20:55:03.679714" elapsed="0.070254"/>
</kw>
<kw name="Input Text" owner="SeleniumLibrary">
<msg time="2025-05-05T20:55:03.750459" level="INFO">Typing text 'secret_sauce' into text field 'id:password'.</msg>
<arg>id:password</arg>
<arg>${PASSWORD}</arg>
<doc>Types the given ``text`` into the text field identified by ``locator``.</doc>
<status status="PASS" start="2025-05-05T20:55:03.750247" elapsed="0.020951"/>
</kw>
<kw name="Click Element" owner="SeleniumLibrary">
<msg time="2025-05-05T20:55:03.771736" level="INFO">Clicking element 'id:login-button'.</msg>
<arg>id:login-button</arg>
<doc>Click the element identified by ``locator``.</doc>
<status status="PASS" start="2025-05-05T20:55:03.771554" elapsed="0.258729"/>
</kw>
<kw name="Click Button" owner="SeleniumLibrary">
<msg time="2025-05-05T20:55:04.032279" level="INFO">Clicking button 'id:add-to-cart-sauce-labs-backpack'.</msg>
<arg>id:add-to-cart-sauce-labs-backpack</arg>
<doc>Clicks the button identified by ``locator``.</doc>
<status status="PASS" start="2025-05-05T20:55:04.031443" elapsed="0.222209"/>
</kw>
<kw name="Click Button" owner="SeleniumLibrary">
<msg time="2025-05-05T20:55:04.254161" level="INFO">Clicking button 'id:remove-sauce-labs-backpack'.</msg>
<arg>id:remove-sauce-labs-backpack</arg>
<doc>Clicks the button identified by ``locator``.</doc>
<status status="PASS" start="2025-05-05T20:55:04.253985" elapsed="0.232735"/>
</kw>
<kw name="Element Should Not Be Visible" owner="SeleniumLibrary">
<msg time="2025-05-05T20:55:04.490817" level="INFO">Element 'xpath=//span[@class='shopping_cart_badge' and text()='1']' did not exist.</msg>
<arg>xpath=//span[@class='shopping_cart_badge' and text()='1']</arg>
<doc>Verifies that the element identified by ``locator`` is NOT visible.</doc>
<status status="PASS" start="2025-05-05T20:55:04.487262" elapsed="0.003685"/>
</kw>
<kw name="Close Browser" owner="SeleniumLibrary">
<doc>Closes the current browser.</doc>
<status status="PASS" start="2025-05-05T20:55:04.491422" elapsed="2.671019"/>
</kw>
<status status="PASS" start="2025-05-05T20:54:53.255558" elapsed="13.907254"/>
</test>
<test id="s1-t5" name="Verify Item Details Page" line="47">
<kw name="Open Browser" owner="SeleniumLibrary">
<msg time="2025-05-05T20:55:07.164099" level="INFO">Opening browser 'firefox' to base url 'https://www.saucedemo.com/'.</msg>
<msg time="2025-05-05T20:55:07.313819" level="WARN">The geckodriver version (0.34.0) detected in PATH at B:\geck\geckodriver.exe might not be compatible with the detected firefox version (138.0.1.127); currently, geckodriver 0.36.0 is recommended for firefox 138.*, so it is advised to delete the driver in PATH and retry</msg>
<arg>${URL}</arg>
<arg>firefox</arg>
<doc>Opens a new browser instance to the optional ``url``.</doc>
<status status="PASS" start="2025-05-05T20:55:07.163920" elapsed="10.481545"/>
</kw>
<kw name="Input Text" owner="SeleniumLibrary">
<msg time="2025-05-05T20:55:17.645969" level="INFO">Typing text 'standard_user' into text field 'id:user-name'.</msg>
<arg>id:user-name</arg>
<arg>${USERNAME}</arg>
<doc>Types the given ``text`` into the text field identified by ``locator``.</doc>
<status status="PASS" start="2025-05-05T20:55:17.645750" elapsed="0.065251"/>
</kw>
<kw name="Input Text" owner="SeleniumLibrary">
<msg time="2025-05-05T20:55:17.711561" level="INFO">Typing text 'secret_sauce' into text field 'id:password'.</msg>
<arg>id:password</arg>
<arg>${PASSWORD}</arg>
<doc>Types the given ``text`` into the text field identified by ``locator``.</doc>
<status status="PASS" start="2025-05-05T20:55:17.711325" elapsed="0.017537"/>
</kw>
<kw name="Click Element" owner="SeleniumLibrary">
<msg time="2025-05-05T20:55:17.729306" level="INFO">Clicking element 'id:login-button'.</msg>
<arg>id:login-button</arg>
<doc>Click the element identified by ``locator``.</doc>
<status status="PASS" start="2025-05-05T20:55:17.729141" elapsed="0.251623"/>
</kw>
<kw name="Set Variable" owner="BuiltIn">
<msg time="2025-05-05T20:55:17.981330" level="INFO">${item_link_locator} = xpath=//div[@class='inventory_item'][1]//a[@id='item_4_img_link']</msg>
<var>${item_link_locator}</var>
<arg>xpath=//div[@class='inventory_item'][1]//a[@id='item_4_img_link']</arg>
<doc>Returns the given values which can then be assigned to a variables.</doc>
<status status="PASS" start="2025-05-05T20:55:17.981083" elapsed="0.000296"/>
</kw>
<kw name="Wait Until Element Is Visible" owner="SeleniumLibrary">
<arg>${item_link_locator}</arg>
<arg>timeout=10</arg>
<doc>Waits until the element ``locator`` is visible.</doc>
<status status="PASS" start="2025-05-05T20:55:17.981648" elapsed="0.009428"/>
</kw>
<kw name="Click Element" owner="SeleniumLibrary">
<msg time="2025-05-05T20:55:17.991585" level="INFO">Clicking element 'xpath=//div[@class='inventory_item'][1]//a[@id='item_4_img_link']'.</msg>
<arg>${item_link_locator}</arg>
<doc>Click the element identified by ``locator``.</doc>
<status status="PASS" start="2025-05-05T20:55:17.991392" elapsed="0.213523"/>
</kw>
<kw name="Page Should Contain" owner="SeleniumLibrary">
<msg time="2025-05-05T20:55:18.209298" level="INFO">Current page contains text 'Sauce Labs Backpack'.</msg>
<arg>Sauce Labs Backpack</arg>
<doc>Verifies that current page contains ``text``.</doc>
<status status="PASS" start="2025-05-05T20:55:18.205214" elapsed="0.004158"/>
</kw>
<kw name="Close Browser" owner="SeleniumLibrary">
<doc>Closes the current browser.</doc>
<status status="PASS" start="2025-05-05T20:55:18.209671" elapsed="2.713133"/>
</kw>
<status status="PASS" start="2025-05-05T20:55:07.163521" elapsed="13.759843"/>
</test>
<test id="s1-t6" name="Sort Items by Price (Low to High)" line="58">
<kw name="Open Browser" owner="SeleniumLibrary">
<msg time="2025-05-05T20:55:20.924829" level="INFO">Opening browser 'firefox' to base url 'https://www.saucedemo.com/'.</msg>
<msg time="2025-05-05T20:55:21.091152" level="WARN">The geckodriver version (0.34.0) detected in PATH at B:\geck\geckodriver.exe might not be compatible with the detected firefox version (138.0.1.127); currently, geckodriver 0.36.0 is recommended for firefox 138.*, so it is advised to delete the driver in PATH and retry</msg>
<arg>${URL}</arg>
<arg>firefox</arg>
<doc>Opens a new browser instance to the optional ``url``.</doc>
<status status="PASS" start="2025-05-05T20:55:20.924647" elapsed="10.303626"/>
</kw>
<kw name="Input Text" owner="SeleniumLibrary">
<msg time="2025-05-05T20:55:31.228926" level="INFO">Typing text 'standard_user' into text field 'id:user-name'.</msg>
<arg>id:user-name</arg>
<arg>${USERNAME}</arg>
<doc>Types the given ``text`` into the text field identified by ``locator``.</doc>
<status status="PASS" start="2025-05-05T20:55:31.228731" elapsed="0.067995"/>
</kw>
<kw name="Input Text" owner="SeleniumLibrary">
<msg time="2025-05-05T20:55:31.297411" level="INFO">Typing text 'secret_sauce' into text field 'id:password'.</msg>
<arg>id:password</arg>
<arg>${PASSWORD}</arg>
<doc>Types the given ``text`` into the text field identified by ``locator``.</doc>
<status status="PASS" start="2025-05-05T20:55:31.297101" elapsed="0.018638"/>
</kw>
<kw name="Click Element" owner="SeleniumLibrary">
<msg time="2025-05-05T20:55:31.316376" level="INFO">Clicking element 'id:login-button'.</msg>
<arg>id:login-button</arg>
<doc>Click the element identified by ``locator``.</doc>
<status status="PASS" start="2025-05-05T20:55:31.316108" elapsed="0.249613"/>
</kw>
<kw name="Select From List By Value" owner="SeleniumLibrary">
<msg time="2025-05-05T20:55:31.566199" level="INFO">Selecting options from selection list 'css:.product_sort_container' by value lohi.</msg>
<arg>css:.product_sort_container</arg>
<arg>lohi</arg>
<doc>Selects options from selection list ``locator`` by ``values``.</doc>
<status status="PASS" start="2025-05-05T20:55:31.566031" elapsed="0.226749"/>
</kw>
<kw name="Get Text" owner="SeleniumLibrary">
<msg time="2025-05-05T20:55:31.801666" level="INFO">${first_item_price} = $7.99</msg>
<var>${first_item_price}</var>
<arg>xpath=//div[@class='inventory_item'][1]//div[@class='inventory_item_price']</arg>
<doc>Returns the text value of the element identified by ``locator``.</doc>
<status status="PASS" start="2025-05-05T20:55:31.793096" elapsed="0.008610"/>
</kw>
<kw name="Should Contain" owner="BuiltIn">
<arg>${first_item_price}</arg>
<arg>$7.99</arg>
<doc>Fails if ``container`` does not contain ``item`` one or more times.</doc>
<status status="PASS" start="2025-05-05T20:55:31.802011" elapsed="0.000166"/>
</kw>
<kw name="Close Browser" owner="SeleniumLibrary">
<doc>Closes the current browser.</doc>
<status status="PASS" start="2025-05-05T20:55:31.802396" elapsed="2.666081"/>
</kw>
<status status="PASS" start="2025-05-05T20:55:20.924193" elapsed="13.544650"/>
</test>
<test id="s1-t7" name="Checkout Process (Simple)" line="68">
<kw name="Open Browser" owner="SeleniumLibrary">
<msg time="2025-05-05T20:55:34.470431" level="INFO">Opening browser 'firefox' to base url 'https://www.saucedemo.com/'.</msg>
<msg time="2025-05-05T20:55:34.628781" level="WARN">The geckodriver version (0.34.0) detected in PATH at B:\geck\geckodriver.exe might not be compatible with the detected firefox version (138.0.1.127); currently, geckodriver 0.36.0 is recommended for firefox 138.*, so it is advised to delete the driver in PATH and retry</msg>
<arg>${URL}</arg>
<arg>firefox</arg>
<doc>Opens a new browser instance to the optional ``url``.</doc>
<status status="PASS" start="2025-05-05T20:55:34.470259" elapsed="10.298064"/>
</kw>
<kw name="Input Text" owner="SeleniumLibrary">
<msg time="2025-05-05T20:55:44.768821" level="INFO">Typing text 'standard_user' into text field 'id:user-name'.</msg>
<arg>id:user-name</arg>
<arg>${USERNAME}</arg>
<doc>Types the given ``text`` into the text field identified by ``locator``.</doc>
<status status="PASS" start="2025-05-05T20:55:44.768622" elapsed="0.064415"/>
</kw>
<kw name="Input Text" owner="SeleniumLibrary">
<msg time="2025-05-05T20:55:44.833512" level="INFO">Typing text 'secret_sauce' into text field 'id:password'.</msg>
<arg>id:password</arg>
<arg>${PASSWORD}</arg>
<doc>Types the given ``text`` into the text field identified by ``locator``.</doc>
<status status="PASS" start="2025-05-05T20:55:44.833314" elapsed="0.019129"/>
</kw>
<kw name="Click Element" owner="SeleniumLibrary">
<msg time="2025-05-05T20:55:44.852905" level="INFO">Clicking element 'id:login-button'.</msg>
<arg>id:login-button</arg>
<doc>Click the element identified by ``locator``.</doc>
<status status="PASS" start="2025-05-05T20:55:44.852749" elapsed="0.256820"/>
</kw>
<kw name="Click Button" owner="SeleniumLibrary">
<msg time="2025-05-05T20:55:45.111398" level="INFO">Clicking button 'id:add-to-cart-sauce-labs-backpack'.</msg>
<arg>id:add-to-cart-sauce-labs-backpack</arg>
<doc>Clicks the button identified by ``locator``.</doc>
<status status="PASS" start="2025-05-05T20:55:45.110740" elapsed="0.230450"/>
</kw>
<kw name="Click Element" owner="SeleniumLibrary">
<msg time="2025-05-05T20:55:45.341650" level="INFO">Clicking element 'id:shopping_cart_container'.</msg>
<arg>id:shopping_cart_container</arg>
<doc>Click the element identified by ``locator``.</doc>
<status status="PASS" start="2025-05-05T20:55:45.341497" elapsed="0.215085"/>
</kw>
<kw name="Click Element" owner="SeleniumLibrary">
<msg time="2025-05-05T20:55:45.557255" level="INFO">Clicking element 'id:checkout'.</msg>
<arg>id:checkout</arg>
<doc>Click the element identified by ``locator``.</doc>
<status status="PASS" start="2025-05-05T20:55:45.557010" elapsed="0.214652"/>
</kw>
<kw name="Input Text" owner="SeleniumLibrary">
<msg time="2025-05-05T20:55:45.772312" level="INFO">Typing text 'Test' into text field 'id:first-name'.</msg>
<arg>id:first-name</arg>
<arg>Test</arg>
<doc>Types the given ``text`` into the text field identified by ``locator``.</doc>
<status status="PASS" start="2025-05-05T20:55:45.772140" elapsed="0.021776"/>
</kw>
<kw name="Input Text" owner="SeleniumLibrary">
<msg time="2025-05-05T20:55:45.794556" level="INFO">Typing text 'User' into text field 'id:last-name'.</msg>
<arg>id:last-name</arg>
<arg>User</arg>
<doc>Types the given ``text`` into the text field identified by ``locator``.</doc>
<status status="PASS" start="2025-05-05T20:55:45.794298" elapsed="0.017885"/>
</kw>
<kw name="Input Text" owner="SeleniumLibrary">
<msg time="2025-05-05T20:55:45.812909" level="INFO">Typing text '12345' into text field 'id:postal-code'.</msg>
<arg>id:postal-code</arg>
<arg>12345</arg>
<doc>Types the given ``text`` into the text field identified by ``locator``.</doc>
<status status="PASS" start="2025-05-05T20:55:45.812704" elapsed="0.020067"/>
</kw>
<kw name="Click Element" owner="SeleniumLibrary">
<msg time="2025-05-05T20:55:45.833223" level="INFO">Clicking element 'id:continue'.</msg>
<arg>id:continue</arg>
<doc>Click the element identified by ``locator``.</doc>
<status status="PASS" start="2025-05-05T20:55:45.833065" elapsed="0.218396"/>
</kw>
<kw name="Set Variable" owner="BuiltIn">
<msg time="2025-05-05T20:55:46.053210" level="INFO">${checkout_overview_locator} = xpath=//span[text()='Checkout: Overview']</msg>
<var>${checkout_overview_locator}</var>
<arg>xpath=//span[text()='Checkout: Overview']</arg>
<doc>Returns the given values which can then be assigned to a variables.</doc>
<status status="PASS" start="2025-05-05T20:55:46.052465" elapsed="0.000917"/>
</kw>
<kw name="Wait Until Element Is Visible" owner="SeleniumLibrary">
<arg>${checkout_overview_locator}</arg>
<arg>timeout=10</arg>
<doc>Waits until the element ``locator`` is visible.</doc>
<status status="PASS" start="2025-05-05T20:55:46.054366" elapsed="0.026038"/>
</kw>
<kw name="Element Should Be Visible" owner="SeleniumLibrary">
<msg time="2025-05-05T20:55:46.092804" level="INFO">Element 'xpath=//span[text()='Checkout: Overview']' is displayed.</msg>
<arg>${checkout_overview_locator}</arg>
<doc>Verifies that the element identified by ``locator`` is visible.</doc>
<status status="PASS" start="2025-05-05T20:55:46.081063" elapsed="0.011848"/>
</kw>
<kw name="Close Browser" owner="SeleniumLibrary">
<doc>Closes the current browser.</doc>
<status status="PASS" start="2025-05-05T20:55:46.093255" elapsed="2.666326"/>
</kw>
<status status="PASS" start="2025-05-05T20:55:34.469851" elapsed="14.290138"/>
</test>
<test id="s1-t8" name="Verify Logout" line="85">
<kw name="Open Browser" owner="SeleniumLibrary">
<msg time="2025-05-05T20:55:48.761719" level="INFO">Opening browser 'firefox' to base url 'https://www.saucedemo.com/'.</msg>
<msg time="2025-05-05T20:55:48.919743" level="WARN">The geckodriver version (0.34.0) detected in PATH at B:\geck\geckodriver.exe might not be compatible with the detected firefox version (138.0.1.127); currently, geckodriver 0.36.0 is recommended for firefox 138.*, so it is advised to delete the driver in PATH and retry</msg>
<arg>${URL}</arg>
<arg>firefox</arg>
<doc>Opens a new browser instance to the optional ``url``.</doc>
<status status="PASS" start="2025-05-05T20:55:48.761537" elapsed="10.231066"/>
</kw>
<kw name="Input Text" owner="SeleniumLibrary">
<msg time="2025-05-05T20:55:58.993176" level="INFO">Typing text 'standard_user' into text field 'id:user-name'.</msg>
<arg>id:user-name</arg>
<arg>${USERNAME}</arg>
<doc>Types the given ``text`` into the text field identified by ``locator``.</doc>
<status status="PASS" start="2025-05-05T20:55:58.992911" elapsed="0.093597"/>
</kw>
<kw name="Input Text" owner="SeleniumLibrary">
<msg time="2025-05-05T20:55:59.087327" level="INFO">Typing text 'secret_sauce' into text field 'id:password'.</msg>
<arg>id:password</arg>
<arg>${PASSWORD}</arg>
<doc>Types the given ``text`` into the text field identified by ``locator``.</doc>
<status status="PASS" start="2025-05-05T20:55:59.087003" elapsed="0.020124"/>
</kw>
<kw name="Click Element" owner="SeleniumLibrary">
<msg time="2025-05-05T20:55:59.107697" level="INFO">Clicking element 'id:login-button'.</msg>
<arg>id:login-button</arg>
<doc>Click the element identified by ``locator``.</doc>
<status status="PASS" start="2025-05-05T20:55:59.107482" elapsed="0.259519"/>
</kw>
<kw name="Click Element" owner="SeleniumLibrary">
<msg time="2025-05-05T20:55:59.367459" level="INFO">Clicking element 'id:react-burger-menu-btn'.</msg>
<arg>id:react-burger-menu-btn</arg>
<doc>Click the element identified by ``locator``.</doc>
<status status="PASS" start="2025-05-05T20:55:59.367304" elapsed="0.211043"/>
</kw>
<kw name="Click Element" owner="SeleniumLibrary">
<msg time="2025-05-05T20:55:59.578843" level="INFO">Clicking element 'id:logout_sidebar_link'.</msg>
<arg>id:logout_sidebar_link</arg>
<doc>Click the element identified by ``locator``.</doc>
<status status="PASS" start="2025-05-05T20:55:59.578667" elapsed="0.229014"/>
</kw>
<kw name="Element Should Be Visible" owner="SeleniumLibrary">
<msg time="2025-05-05T20:55:59.816092" level="INFO">Element 'id:login-button' is displayed.</msg>
<arg>id:login-button</arg>
<doc>Verifies that the element identified by ``locator`` is visible.</doc>
<status status="PASS" start="2025-05-05T20:55:59.807988" elapsed="0.008185"/>
</kw>
<kw name="Close Browser" owner="SeleniumLibrary">
<doc>Closes the current browser.</doc>
<status status="PASS" start="2025-05-05T20:55:59.816454" elapsed="2.671760"/>
</kw>
<status status="PASS" start="2025-05-05T20:55:48.760965" elapsed="13.727551"/>
</test>
<test id="s1-t9" name="Check Product Image Load" line="95">
<kw name="Open Browser" owner="SeleniumLibrary">
<msg time="2025-05-05T20:56:02.489763" level="INFO">Opening browser 'firefox' to base url 'https://www.saucedemo.com/'.</msg>
<msg time="2025-05-05T20:56:02.651421" level="WARN">The geckodriver version (0.34.0) detected in PATH at B:\geck\geckodriver.exe might not be compatible with the detected firefox version (138.0.1.127); currently, geckodriver 0.36.0 is recommended for firefox 138.*, so it is advised to delete the driver in PATH and retry</msg>
<arg>${URL}</arg>
<arg>firefox</arg>
<doc>Opens a new browser instance to the optional ``url``.</doc>
<status status="PASS" start="2025-05-05T20:56:02.489558" elapsed="10.357727"/>
</kw>
<kw name="Input Text" owner="SeleniumLibrary">
<msg time="2025-05-05T20:56:12.847807" level="INFO">Typing text 'standard_user' into text field 'id:user-name'.</msg>
<arg>id:user-name</arg>
<arg>${USERNAME}</arg>
<doc>Types the given ``text`` into the text field identified by ``locator``.</doc>
<status status="PASS" start="2025-05-05T20:56:12.847603" elapsed="0.072729"/>
</kw>
<kw name="Input Text" owner="SeleniumLibrary">
<msg time="2025-05-05T20:56:12.920894" level="INFO">Typing text 'secret_sauce' into text field 'id:password'.</msg>
<arg>id:password</arg>
<arg>${PASSWORD}</arg>
<doc>Types the given ``text`` into the text field identified by ``locator``.</doc>
<status status="PASS" start="2025-05-05T20:56:12.920650" elapsed="0.023456"/>
</kw>
<kw name="Click Element" owner="SeleniumLibrary">
<msg time="2025-05-05T20:56:12.944559" level="INFO">Clicking element 'id:login-button'.</msg>
<arg>id:login-button</arg>
<doc>Click the element identified by ``locator``.</doc>
<status status="PASS" start="2025-05-05T20:56:12.944383" elapsed="0.248916"/>
</kw>
<kw name="Element Should Be Visible" owner="SeleniumLibrary">
<msg time="2025-05-05T20:56:13.212777" level="INFO">Element 'xpath=//img[@alt='Sauce Labs Backpack']' is displayed.</msg>
<arg>xpath=//img[@alt='Sauce Labs Backpack']</arg>
<doc>Verifies that the element identified by ``locator`` is visible.</doc>
<status status="PASS" start="2025-05-05T20:56:13.194329" elapsed="0.018538"/>
</kw>
<kw name="Close Browser" owner="SeleniumLibrary">
<doc>Closes the current browser.</doc>
<status status="PASS" start="2025-05-05T20:56:13.213201" elapsed="2.679109"/>
</kw>
<status status="PASS" start="2025-05-05T20:56:02.489202" elapsed="13.403588"/>
</test>
<test id="s1-t10" name="Verify Reset App State" line="103">
<kw name="Open Browser" owner="SeleniumLibrary">
<msg time="2025-05-05T20:56:15.894968" level="INFO">Opening browser 'firefox' to base url 'https://www.saucedemo.com/'.</msg>
<msg time="2025-05-05T20:56:16.063201" level="WARN">The geckodriver version (0.34.0) detected in PATH at B:\geck\geckodriver.exe might not be compatible with the detected firefox version (138.0.1.127); currently, geckodriver 0.36.0 is recommended for firefox 138.*, so it is advised to delete the driver in PATH and retry</msg>
<arg>${URL}</arg>
<arg>firefox</arg>
<doc>Opens a new browser instance to the optional ``url``.</doc>
<status status="PASS" start="2025-05-05T20:56:15.894711" elapsed="10.273742"/>
</kw>
<kw name="Input Text" owner="SeleniumLibrary">
<msg time="2025-05-05T20:56:26.168992" level="INFO">Typing text 'standard_user' into text field 'id:user-name'.</msg>
<arg>id:user-name</arg>
<arg>${USERNAME}</arg>
<doc>Types the given ``text`` into the text field identified by ``locator``.</doc>
<status status="PASS" start="2025-05-05T20:56:26.168787" elapsed="0.065285"/>
</kw>
<kw name="Input Text" owner="SeleniumLibrary">
<msg time="2025-05-05T20:56:26.234532" level="INFO">Typing text 'secret_sauce' into text field 'id:password'.</msg>
<arg>id:password</arg>
<arg>${PASSWORD}</arg>
<doc>Types the given ``text`` into the text field identified by ``locator``.</doc>
<status status="PASS" start="2025-05-05T20:56:26.234331" elapsed="0.014709"/>
</kw>
<kw name="Click Element" owner="SeleniumLibrary">
<msg time="2025-05-05T20:56:26.249472" level="INFO">Clicking element 'id:login-button'.</msg>
<arg>id:login-button</arg>
<doc>Click the element identified by ``locator``.</doc>
<status status="PASS" start="2025-05-05T20:56:26.249315" elapsed="0.242801"/>
</kw>
<kw name="Click Button" owner="SeleniumLibrary">
<msg time="2025-05-05T20:56:26.492626" level="INFO">Clicking button 'id:add-to-cart-sauce-labs-backpack'.</msg>
<arg>id:add-to-cart-sauce-labs-backpack</arg>
<doc>Clicks the button identified by ``locator``.</doc>
<status status="PASS" start="2025-05-05T20:56:26.492419" elapsed="0.215338"/>
</kw>
<kw name="Click Element" owner="SeleniumLibrary">
<msg time="2025-05-05T20:56:26.708227" level="INFO">Clicking element 'id:react-burger-menu-btn'.</msg>
<arg>id:react-burger-menu-btn</arg>
<doc>Click the element identified by ``locator``.</doc>
<status status="PASS" start="2025-05-05T20:56:26.708067" elapsed="0.208416"/>
</kw>
<kw name="Click Element" owner="SeleniumLibrary">
<msg time="2025-05-05T20:56:26.917177" level="INFO">Clicking element 'id:reset_sidebar_link'.</msg>
<arg>id:reset_sidebar_link</arg>
<doc>Click the element identified by ``locator``.</doc>
<status status="PASS" start="2025-05-05T20:56:26.916940" elapsed="0.211545"/>
</kw>
<kw name="Element Should Not Be Visible" owner="SeleniumLibrary">
<msg time="2025-05-05T20:56:27.131394" level="INFO">Element 'xpath=//span[@class='shopping_cart_badge']' did not exist.</msg>
<arg>xpath=//span[@class='shopping_cart_badge']</arg>
<doc>Verifies that the element identified by ``locator`` is NOT visible.</doc>
<status status="PASS" start="2025-05-05T20:56:27.128796" elapsed="0.002681"/>
</kw>
<kw name="Close Browser" owner="SeleniumLibrary">
<doc>Closes the current browser.</doc>
<status status="PASS" start="2025-05-05T20:56:27.131774" elapsed="2.666787"/>
</kw>
<status status="PASS" start="2025-05-05T20:56:15.893956" elapsed="13.905305"/>
</test>
<status status="FAIL" start="2025-05-05T20:54:04.454033" elapsed="145.346420"/>
</suite>
<statistics>
<total>
<stat pass="9" fail="1" skip="0">All Tests</stat>
</total>
<tag>
</tag>
<suite>
<stat name="Example" id="s1" pass="9" fail="1" skip="0">Example</stat>
</suite>
</statistics>
<errors>
<msg time="2025-05-05T20:54:05.538918" level="WARN">The geckodriver version (0.34.0) detected in PATH at B:\geck\geckodriver.exe might not be compatible with the detected firefox version (138.0.1.127); currently, geckodriver 0.36.0 is recommended for firefox 138.*, so it is advised to delete the driver in PATH and retry</msg>
<msg time="2025-05-05T20:54:19.088032" level="WARN">The geckodriver version (0.34.0) detected in PATH at B:\geck\geckodriver.exe might not be compatible with the detected firefox version (138.0.1.127); currently, geckodriver 0.36.0 is recommended for firefox 138.*, so it is advised to delete the driver in PATH and retry</msg>
<msg time="2025-05-05T20:54:39.911276" level="WARN">The geckodriver version (0.34.0) detected in PATH at B:\geck\geckodriver.exe might not be compatible with the detected firefox version (138.0.1.127); currently, geckodriver 0.36.0 is recommended for firefox 138.*, so it is advised to delete the driver in PATH and retry</msg>
<msg time="2025-05-05T20:54:53.409889" level="WARN">The geckodriver version (0.34.0) detected in PATH at B:\geck\geckodriver.exe might not be compatible with the detected firefox version (138.0.1.127); currently, geckodriver 0.36.0 is recommended for firefox 138.*, so it is advised to delete the driver in PATH and retry</msg>
<msg time="2025-05-05T20:55:07.313819" level="WARN">The geckodriver version (0.34.0) detected in PATH at B:\geck\geckodriver.exe might not be compatible with the detected firefox version (138.0.1.127); currently, geckodriver 0.36.0 is recommended for firefox 138.*, so it is advised to delete the driver in PATH and retry</msg>
<msg time="2025-05-05T20:55:21.091152" level="WARN">The geckodriver version (0.34.0) detected in PATH at B:\geck\geckodriver.exe might not be compatible with the detected firefox version (138.0.1.127); currently, geckodriver 0.36.0 is recommended for firefox 138.*, so it is advised to delete the driver in PATH and retry</msg>
<msg time="2025-05-05T20:55:34.628781" level="WARN">The geckodriver version (0.34.0) detected in PATH at B:\geck\geckodriver.exe might not be compatible with the detected firefox version (138.0.1.127); currently, geckodriver 0.36.0 is recommended for firefox 138.*, so it is advised to delete the driver in PATH and retry</msg>
<msg time="2025-05-05T20:55:48.919743" level="WARN">The geckodriver version (0.34.0) detected in PATH at B:\geck\geckodriver.exe might not be compatible with the detected firefox version (138.0.1.127); currently, geckodriver 0.36.0 is recommended for firefox 138.*, so it is advised to delete the driver in PATH and retry</msg>
<msg time="2025-05-05T20:56:02.651421" level="WARN">The geckodriver version (0.34.0) detected in PATH at B:\geck\geckodriver.exe might not be compatible with the detected firefox version (138.0.1.127); currently, geckodriver 0.36.0 is recommended for firefox 138.*, so it is advised to delete the driver in PATH and retry</msg>
<msg time="2025-05-05T20:56:16.063201" level="WARN">The geckodriver version (0.34.0) detected in PATH at B:\geck\geckodriver.exe might not be compatible with the detected firefox version (138.0.1.127); currently, geckodriver 0.36.0 is recommended for firefox 138.*, so it is advised to delete the driver in PATH and retry</msg>
</errors>
</robot>
